{"/Users/nachocarazo/Desktop/II-SEM-2021/Espe/Investigacion-Unit-Testing/Jest/clonarArray.js": {"path":"/Users/nachocarazo/Desktop/II-SEM-2021/Espe/Investigacion-Unit-Testing/Jest/clonarArray.js","statementMap":{"0":{"start":{"line":2,"column":4},"end":{"line":2,"column":22}},"1":{"start":{"line":5,"column":0},"end":{"line":5,"column":28}}},"fnMap":{"0":{"name":"clonarArray","decl":{"start":{"line":1,"column":9},"end":{"line":1,"column":20}},"loc":{"start":{"line":1,"column":28},"end":{"line":3,"column":1}},"line":1}},"branchMap":{},"s":{"0":1,"1":1},"f":{"0":1},"b":{},"_coverageSchema":"1a1c01bbd47fc00a2c39e90264f33305004495a9","hash":"5f87426288f4df6bc1b3a7c8e524baa7dc2a5964"}
,"/Users/nachocarazo/Desktop/II-SEM-2021/Espe/Investigacion-Unit-Testing/Jest/resta.js": {"path":"/Users/nachocarazo/Desktop/II-SEM-2021/Espe/Investigacion-Unit-Testing/Jest/resta.js","statementMap":{"0":{"start":{"line":2,"column":4},"end":{"line":2,"column":17}},"1":{"start":{"line":5,"column":0},"end":{"line":5,"column":22}}},"fnMap":{"0":{"name":"resta","decl":{"start":{"line":1,"column":9},"end":{"line":1,"column":14}},"loc":{"start":{"line":1,"column":21},"end":{"line":3,"column":1}},"line":1}},"branchMap":{},"s":{"0":1,"1":1},"f":{"0":1},"b":{},"_coverageSchema":"1a1c01bbd47fc00a2c39e90264f33305004495a9","hash":"1f4ed698add1ef1ddb0783e7aff816bf18398c53"}
,"/Users/nachocarazo/Desktop/II-SEM-2021/Espe/Investigacion-Unit-Testing/Jest/suma.js": {"path":"/Users/nachocarazo/Desktop/II-SEM-2021/Espe/Investigacion-Unit-Testing/Jest/suma.js","statementMap":{"0":{"start":{"line":2,"column":4},"end":{"line":2,"column":17}},"1":{"start":{"line":5,"column":0},"end":{"line":5,"column":21}}},"fnMap":{"0":{"name":"suma","decl":{"start":{"line":1,"column":9},"end":{"line":1,"column":13}},"loc":{"start":{"line":1,"column":20},"end":{"line":3,"column":1}},"line":1}},"branchMap":{},"s":{"0":1,"1":1},"f":{"0":1},"b":{},"_coverageSchema":"1a1c01bbd47fc00a2c39e90264f33305004495a9","hash":"c4f105477253934449bb9c3e03241b16e6035701"}
}
